/home/felipe.castanogonzal/ENEL645/assignment2/finalassignment2.py:250: FutureWarning: You are using `torch.load` with `weights_only=False` (the current default value), which uses the default pickle module implicitly. It is possible to construct malicious pickle data which will execute arbitrary code during unpickling (See https://github.com/pytorch/pytorch/blob/main/SECURITY.md#untrusted-models for more details). In a future release, the default value for `weights_only` will be flipped to `True`. This limits the functions that could be executed during unpickling. Arbitrary objects will no longer be allowed to be loaded via this mode unless they are explicitly allowlisted by the user via `torch.serialization.add_safe_globals`. We recommend you start setting `weights_only=True` for any use case where you don't have full control of the loaded file. Please open an issue on GitHub for any issues related to this experimental feature.
  model.load_state_dict(torch.load('best_model.pth'))
Using device: cuda
Epoch [1/30], Loss: 0.8774
Overall Accuracy: 0.6922
Validation Accuracy: 0.6922
Best model saved.
Epoch [2/30], Loss: 0.6479
Overall Accuracy: 0.7233
Validation Accuracy: 0.7233
Best model saved.
Epoch [3/30], Loss: 0.5429
Overall Accuracy: 0.7389
Validation Accuracy: 0.7389
Best model saved.
Epoch [4/30], Loss: 0.4847
Overall Accuracy: 0.7600
Validation Accuracy: 0.7600
Best model saved.
Epoch [5/30], Loss: 0.4408
Overall Accuracy: 0.7539
Validation Accuracy: 0.7539
Epoch [6/30], Loss: 0.3831
Overall Accuracy: 0.7833
Validation Accuracy: 0.7833
Best model saved.
Epoch [7/30], Loss: 0.3344
Overall Accuracy: 0.7822
Validation Accuracy: 0.7822
Epoch [8/30], Loss: 0.3060
Overall Accuracy: 0.7767
Validation Accuracy: 0.7767
Epoch [9/30], Loss: 0.2827
Overall Accuracy: 0.7950
Validation Accuracy: 0.7950
Best model saved.
Epoch [10/30], Loss: 0.2411
Overall Accuracy: 0.7939
Validation Accuracy: 0.7939
Epoch [11/30], Loss: 0.2220
Overall Accuracy: 0.7817
Validation Accuracy: 0.7817
Epoch [12/30], Loss: 0.2126
Overall Accuracy: 0.7806
Validation Accuracy: 0.7806
Epoch [13/30], Loss: 0.1863
Overall Accuracy: 0.7761
Validation Accuracy: 0.7761
Epoch [14/30], Loss: 0.1680
Overall Accuracy: 0.7800
Validation Accuracy: 0.7800
Early stopping triggered.
Training completed.
Model loaded.
Overall Accuracy: 0.7231
Evaluation completed.
ROC curve plotted and saved.
